INFO 2023-04-05 06:39:12,519 Watching for file changes with StatReloader
WARNING 2023-04-05 06:46:12,060 Not Found: /django-admin/staff/userprofile/af46eae3-0a81-471a-86dc-940335732f22/change/
WARNING 2023-04-05 06:46:12,060 "GET /django-admin/staff/userprofile/af46eae3-0a81-471a-86dc-940335732f22/change/ HTTP/1.1" 404 6539
WARNING 2023-04-05 06:46:12,150 Not Found: /favicon.ico
WARNING 2023-04-05 06:46:12,151 "GET /favicon.ico HTTP/1.1" 404 6347
INFO 2023-04-05 06:47:06,693 "GET / HTTP/1.1" 302 0
WARNING 2023-04-05 06:47:06,735 Not Found: /accounts/login/
WARNING 2023-04-05 06:47:06,735 "GET /accounts/login/?next=/ HTTP/1.1" 404 6366
INFO 2023-04-05 06:47:18,990 "GET / HTTP/1.1" 302 0
WARNING 2023-04-05 06:47:19,008 Not Found: /accounts/login/
WARNING 2023-04-05 06:47:19,009 "GET /accounts/login/?next=/ HTTP/1.1" 404 6366
INFO 2023-04-05 06:47:27,392 "GET / HTTP/1.1" 302 0
WARNING 2023-04-05 06:47:27,410 Not Found: /accounts/login/
WARNING 2023-04-05 06:47:27,411 "GET /accounts/login/?next=/ HTTP/1.1" 404 6366
INFO 2023-04-05 06:47:37,300 "GET / HTTP/1.1" 302 0
WARNING 2023-04-05 06:47:37,310 Not Found: /accounts/login/
WARNING 2023-04-05 06:47:37,310 "GET /accounts/login/?next=/ HTTP/1.1" 404 6366
INFO 2023-04-05 06:47:48,321 "GET /auth/login/ HTTP/1.1" 200 3835
INFO 2023-04-05 06:47:48,368 "GET /static/plugins/overlayScrollbars/css/OverlayScrollbars.min.css HTTP/1.1" 200 19724
INFO 2023-04-05 06:47:48,369 "GET /static/plugins/toastr/toastr.min.css HTTP/1.1" 200 6454
INFO 2023-04-05 06:47:48,369 "GET /static/plugins/fontawesome-free/css/all.min.css HTTP/1.1" 200 58578
INFO 2023-04-05 06:47:48,371 "GET /static/dist/css/login-page.css HTTP/1.1" 200 8610
INFO 2023-04-05 06:47:48,372 "GET /static/plugins/jquery/jquery.min.js HTTP/1.1" 200 88145
INFO 2023-04-05 06:47:48,374 "GET /static/dist/css/adminlte.min.css HTTP/1.1" 200 686707
INFO 2023-04-05 06:47:48,379 "GET /static/dist/js/jquery.formset.js HTTP/1.1" 200 13632
INFO 2023-04-05 06:47:48,380 "GET /static/plugins/bootstrap/js/bootstrap.bundle.min.js HTTP/1.1" 200 80698
INFO 2023-04-05 06:47:48,386 "GET /static/plugins/toastr/toastr.min.js HTTP/1.1" 200 5251
INFO 2023-04-05 06:47:48,387 "GET /static/dist/js/adminlte.js HTTP/1.1" 200 57530
INFO 2023-04-05 06:47:48,387 "GET /static/plugins/overlayScrollbars/js/jquery.overlayScrollbars.min.js HTTP/1.1" 200 42383
INFO 2023-04-05 06:47:48,387 "GET /static/dist/js/demo.js HTTP/1.1" 200 12616
INFO 2023-04-05 06:47:48,391 "GET /static/dist/img/login.png HTTP/1.1" 200 144918
INFO 2023-04-05 06:47:53,091 "GET /static/plugins/fontawesome-free/webfonts/fa-solid-900.woff2 HTTP/1.1" 200 79444
INFO 2023-04-05 06:50:25,885 "POST /auth/login/ HTTP/1.1" 302 0
INFO 2023-04-05 06:50:25,936 "GET / HTTP/1.1" 200 13657
INFO 2023-04-05 06:50:26,001 "GET /static/plugins/Datatables/datatables.min.css HTTP/1.1" 200 25780
INFO 2023-04-05 06:50:26,009 "GET /static/plugins/Datatables/datatables.min.js HTTP/1.1" 200 2042446
INFO 2023-04-05 06:50:48,801 "GET /static/plugins/fontawesome-free/webfonts/fa-regular-400.woff2 HTTP/1.1" 200 13584
INFO 2023-04-05 06:54:49,272 "GET /session/list/ HTTP/1.1" 200 12510
INFO 2023-04-05 06:54:59,596 "GET /term/list/ HTTP/1.1" 200 13143
INFO 2023-04-05 06:55:03,026 "GET /subject/list/ HTTP/1.1" 200 13470
INFO 2023-04-05 06:55:08,816 "GET /class/list/ HTTP/1.1" 200 14012
INFO 2023-04-05 06:55:14,935 "GET /results/view/all HTTP/1.1" 200 11881
INFO 2023-04-05 06:55:45,351 "GET /results/view/all HTTP/1.1" 200 11881
INFO 2023-04-05 06:55:48,771 "GET /results/edit-results/ HTTP/1.1" 200 14953
INFO 2023-04-05 06:55:54,782 "GET /finance/list/ HTTP/1.1" 200 11267
INFO 2023-04-05 06:56:08,113 "GET /finance/receipt/create?invoice=1 HTTP/1.1" 200 11770
INFO 2023-04-05 06:56:21,834 "POST /finance/receipt/create?invoice=1 HTTP/1.1" 302 0
INFO 2023-04-05 06:56:21,869 "GET /finance/list/ HTTP/1.1" 200 11263
INFO 2023-04-05 06:56:33,135 "GET /finance/bulk-invoice/ HTTP/1.1" 200 10203
INFO 2023-04-05 06:56:38,846 "GET /finance/create/ HTTP/1.1" 200 17142
INFO 2023-04-05 06:57:13,901 "POST /finance/create/ HTTP/1.1" 302 0
INFO 2023-04-05 06:57:13,917 "GET /finance/list HTTP/1.1" 301 0
INFO 2023-04-05 06:57:14,013 "GET /finance/list/ HTTP/1.1" 200 11712
INFO 2023-04-05 06:58:14,436 "GET /staff/list/ HTTP/1.1" 200 15792
INFO 2023-04-05 06:58:30,191 "GET /staff/15/ HTTP/1.1" 200 12090
INFO 2023-04-05 06:58:30,210 "GET /static/dist/img/avatar.png HTTP/1.1" 200 8543
INFO 2023-04-05 06:58:38,102 "GET /current-session/ HTTP/1.1" 200 11430
ERROR 2023-04-05 06:58:44,890 Internal Server Error: /current-session/
Traceback (most recent call last):
  File "/home/ogaba/Desktop/assignment/school/env/lib/python3.10/site-packages/django/core/handlers/exception.py", line 47, in inner
    response = get_response(request)
  File "/home/ogaba/Desktop/assignment/school/env/lib/python3.10/site-packages/django/core/handlers/base.py", line 181, in _get_response
    response = wrapped_callback(request, *callback_args, **callback_kwargs)
  File "/home/ogaba/Desktop/assignment/school/env/lib/python3.10/site-packages/django/views/generic/base.py", line 70, in view
    return self.dispatch(request, *args, **kwargs)
  File "/home/ogaba/Desktop/assignment/school/env/lib/python3.10/site-packages/django/contrib/auth/mixins.py", line 71, in dispatch
    return super().dispatch(request, *args, **kwargs)
  File "/home/ogaba/Desktop/assignment/school/env/lib/python3.10/site-packages/django/views/generic/base.py", line 98, in dispatch
    return handler(request, *args, **kwargs)
  File "/home/ogaba/Desktop/assignment/school/apps/management/views.py", line 283, in post
    return render(request, self.template_name, {"form": form})
  File "/home/ogaba/Desktop/assignment/school/env/lib/python3.10/site-packages/django/shortcuts.py", line 19, in render
    content = loader.render_to_string(template_name, context, request, using=using)
  File "/home/ogaba/Desktop/assignment/school/env/lib/python3.10/site-packages/django/template/loader.py", line 62, in render_to_string
    return template.render(context, request)
  File "/home/ogaba/Desktop/assignment/school/env/lib/python3.10/site-packages/django/template/backends/django.py", line 61, in render
    return self.template.render(context)
  File "/home/ogaba/Desktop/assignment/school/env/lib/python3.10/site-packages/django/template/base.py", line 168, in render
    with context.bind_template(self):
  File "/usr/lib/python3.10/contextlib.py", line 135, in __enter__
    return next(self.gen)
  File "/home/ogaba/Desktop/assignment/school/env/lib/python3.10/site-packages/django/template/context.py", line 244, in bind_template
    updates.update(processor(self.request))
  File "/home/ogaba/Desktop/assignment/school/apps/management/context_processors.py", line 6, in site_defaults
    current_term = AcademicTerm.objects.get(current=True)
  File "/home/ogaba/Desktop/assignment/school/env/lib/python3.10/site-packages/django/db/models/manager.py", line 85, in manager_method
    return getattr(self.get_queryset(), name)(*args, **kwargs)
  File "/home/ogaba/Desktop/assignment/school/env/lib/python3.10/site-packages/django/db/models/query.py", line 439, in get
    raise self.model.MultipleObjectsReturned(
apps.management.models.AcademicTerm.MultipleObjectsReturned: get() returned more than one AcademicTerm -- it returned 2!
ERROR 2023-04-05 06:58:44,892 "POST /current-session/ HTTP/1.1" 500 123572
ERROR 2023-04-05 07:44:56,007 Internal Server Error: /current-session/
Traceback (most recent call last):
  File "/home/ogaba/Desktop/assignment/school/env/lib/python3.10/site-packages/django/core/handlers/exception.py", line 47, in inner
    response = get_response(request)
  File "/home/ogaba/Desktop/assignment/school/apps/management/middleware.py", line 10, in __call__
    current_term = AcademicTerm.objects.get(current=True)
  File "/home/ogaba/Desktop/assignment/school/env/lib/python3.10/site-packages/django/db/models/manager.py", line 85, in manager_method
    return getattr(self.get_queryset(), name)(*args, **kwargs)
  File "/home/ogaba/Desktop/assignment/school/env/lib/python3.10/site-packages/django/db/models/query.py", line 439, in get
    raise self.model.MultipleObjectsReturned(
apps.management.models.AcademicTerm.MultipleObjectsReturned: get() returned more than one AcademicTerm -- it returned 2!
ERROR 2023-04-05 07:44:56,008 "GET /current-session/ HTTP/1.1" 500 71477
ERROR 2023-04-05 07:45:03,831 Internal Server Error: /staff/15/
Traceback (most recent call last):
  File "/home/ogaba/Desktop/assignment/school/env/lib/python3.10/site-packages/django/core/handlers/exception.py", line 47, in inner
    response = get_response(request)
  File "/home/ogaba/Desktop/assignment/school/apps/management/middleware.py", line 10, in __call__
    current_term = AcademicTerm.objects.get(current=True)
  File "/home/ogaba/Desktop/assignment/school/env/lib/python3.10/site-packages/django/db/models/manager.py", line 85, in manager_method
    return getattr(self.get_queryset(), name)(*args, **kwargs)
  File "/home/ogaba/Desktop/assignment/school/env/lib/python3.10/site-packages/django/db/models/query.py", line 439, in get
    raise self.model.MultipleObjectsReturned(
apps.management.models.AcademicTerm.MultipleObjectsReturned: get() returned more than one AcademicTerm -- it returned 2!
ERROR 2023-04-05 07:45:03,831 "GET /staff/15/ HTTP/1.1" 500 71546
INFO 2023-04-05 07:46:55,477 /home/ogaba/Desktop/assignment/school/apps/management/middleware.py changed, reloading.
INFO 2023-04-05 07:46:55,900 Watching for file changes with StatReloader
INFO 2023-04-05 07:47:01,183 /home/ogaba/Desktop/assignment/school/apps/management/middleware.py changed, reloading.
INFO 2023-04-05 07:47:01,527 Watching for file changes with StatReloader
INFO 2023-04-05 07:47:06,808 /home/ogaba/Desktop/assignment/school/apps/management/middleware.py changed, reloading.
INFO 2023-04-05 07:47:07,201 Watching for file changes with StatReloader
INFO 2023-04-05 07:47:13,552 /home/ogaba/Desktop/assignment/school/apps/management/middleware.py changed, reloading.
INFO 2023-04-05 07:47:13,900 Watching for file changes with StatReloader
INFO 2023-04-05 07:47:17,145 /home/ogaba/Desktop/assignment/school/apps/management/middleware.py changed, reloading.
INFO 2023-04-05 07:47:17,598 Watching for file changes with StatReloader
INFO 2023-04-05 07:47:26,908 /home/ogaba/Desktop/assignment/school/apps/management/middleware.py changed, reloading.
INFO 2023-04-05 07:47:27,221 Watching for file changes with StatReloader
ERROR 2023-04-05 07:47:31,808 Internal Server Error: /staff/15/
Traceback (most recent call last):
  File "/home/ogaba/Desktop/assignment/school/env/lib/python3.10/site-packages/django/core/handlers/exception.py", line 47, in inner
    response = get_response(request)
  File "/home/ogaba/Desktop/assignment/school/env/lib/python3.10/site-packages/django/core/handlers/base.py", line 204, in _get_response
    response = response.render()
  File "/home/ogaba/Desktop/assignment/school/env/lib/python3.10/site-packages/django/template/response.py", line 105, in render
    self.content = self.rendered_content
  File "/home/ogaba/Desktop/assignment/school/env/lib/python3.10/site-packages/django/template/response.py", line 83, in rendered_content
    return template.render(context, self._request)
  File "/home/ogaba/Desktop/assignment/school/env/lib/python3.10/site-packages/django/template/backends/django.py", line 61, in render
    return self.template.render(context)
  File "/home/ogaba/Desktop/assignment/school/env/lib/python3.10/site-packages/django/template/base.py", line 168, in render
    with context.bind_template(self):
  File "/usr/lib/python3.10/contextlib.py", line 135, in __enter__
    return next(self.gen)
  File "/home/ogaba/Desktop/assignment/school/env/lib/python3.10/site-packages/django/template/context.py", line 244, in bind_template
    updates.update(processor(self.request))
  File "/home/ogaba/Desktop/assignment/school/apps/management/context_processors.py", line 6, in site_defaults
    current_term = AcademicTerm.objects.get(current=True)
  File "/home/ogaba/Desktop/assignment/school/env/lib/python3.10/site-packages/django/db/models/manager.py", line 85, in manager_method
    return getattr(self.get_queryset(), name)(*args, **kwargs)
  File "/home/ogaba/Desktop/assignment/school/env/lib/python3.10/site-packages/django/db/models/query.py", line 439, in get
    raise self.model.MultipleObjectsReturned(
apps.management.models.AcademicTerm.MultipleObjectsReturned: get() returned more than one AcademicTerm -- it returned 2!
ERROR 2023-04-05 07:47:31,810 "GET /staff/15/ HTTP/1.1" 500 103108
ERROR 2023-04-05 07:47:34,306 Internal Server Error: /staff/15/
Traceback (most recent call last):
  File "/home/ogaba/Desktop/assignment/school/env/lib/python3.10/site-packages/django/core/handlers/exception.py", line 47, in inner
    response = get_response(request)
  File "/home/ogaba/Desktop/assignment/school/env/lib/python3.10/site-packages/django/core/handlers/base.py", line 204, in _get_response
    response = response.render()
  File "/home/ogaba/Desktop/assignment/school/env/lib/python3.10/site-packages/django/template/response.py", line 105, in render
    self.content = self.rendered_content
  File "/home/ogaba/Desktop/assignment/school/env/lib/python3.10/site-packages/django/template/response.py", line 83, in rendered_content
    return template.render(context, self._request)
  File "/home/ogaba/Desktop/assignment/school/env/lib/python3.10/site-packages/django/template/backends/django.py", line 61, in render
    return self.template.render(context)
  File "/home/ogaba/Desktop/assignment/school/env/lib/python3.10/site-packages/django/template/base.py", line 168, in render
    with context.bind_template(self):
  File "/usr/lib/python3.10/contextlib.py", line 135, in __enter__
    return next(self.gen)
  File "/home/ogaba/Desktop/assignment/school/env/lib/python3.10/site-packages/django/template/context.py", line 244, in bind_template
    updates.update(processor(self.request))
  File "/home/ogaba/Desktop/assignment/school/apps/management/context_processors.py", line 6, in site_defaults
    current_term = AcademicTerm.objects.get(current=True)
  File "/home/ogaba/Desktop/assignment/school/env/lib/python3.10/site-packages/django/db/models/manager.py", line 85, in manager_method
    return getattr(self.get_queryset(), name)(*args, **kwargs)
  File "/home/ogaba/Desktop/assignment/school/env/lib/python3.10/site-packages/django/db/models/query.py", line 439, in get
    raise self.model.MultipleObjectsReturned(
apps.management.models.AcademicTerm.MultipleObjectsReturned: get() returned more than one AcademicTerm -- it returned 2!
ERROR 2023-04-05 07:47:34,306 "GET /staff/15/ HTTP/1.1" 500 103108
ERROR 2023-04-05 07:47:35,139 Internal Server Error: /staff/15/
Traceback (most recent call last):
  File "/home/ogaba/Desktop/assignment/school/env/lib/python3.10/site-packages/django/core/handlers/exception.py", line 47, in inner
    response = get_response(request)
  File "/home/ogaba/Desktop/assignment/school/env/lib/python3.10/site-packages/django/core/handlers/base.py", line 204, in _get_response
    response = response.render()
  File "/home/ogaba/Desktop/assignment/school/env/lib/python3.10/site-packages/django/template/response.py", line 105, in render
    self.content = self.rendered_content
  File "/home/ogaba/Desktop/assignment/school/env/lib/python3.10/site-packages/django/template/response.py", line 83, in rendered_content
    return template.render(context, self._request)
  File "/home/ogaba/Desktop/assignment/school/env/lib/python3.10/site-packages/django/template/backends/django.py", line 61, in render
    return self.template.render(context)
  File "/home/ogaba/Desktop/assignment/school/env/lib/python3.10/site-packages/django/template/base.py", line 168, in render
    with context.bind_template(self):
  File "/usr/lib/python3.10/contextlib.py", line 135, in __enter__
    return next(self.gen)
  File "/home/ogaba/Desktop/assignment/school/env/lib/python3.10/site-packages/django/template/context.py", line 244, in bind_template
    updates.update(processor(self.request))
  File "/home/ogaba/Desktop/assignment/school/apps/management/context_processors.py", line 6, in site_defaults
    current_term = AcademicTerm.objects.get(current=True)
  File "/home/ogaba/Desktop/assignment/school/env/lib/python3.10/site-packages/django/db/models/manager.py", line 85, in manager_method
    return getattr(self.get_queryset(), name)(*args, **kwargs)
  File "/home/ogaba/Desktop/assignment/school/env/lib/python3.10/site-packages/django/db/models/query.py", line 439, in get
    raise self.model.MultipleObjectsReturned(
apps.management.models.AcademicTerm.MultipleObjectsReturned: get() returned more than one AcademicTerm -- it returned 2!
ERROR 2023-04-05 07:47:35,139 "GET /staff/15/ HTTP/1.1" 500 103108
ERROR 2023-04-05 07:47:35,836 Internal Server Error: /staff/15/
Traceback (most recent call last):
  File "/home/ogaba/Desktop/assignment/school/env/lib/python3.10/site-packages/django/core/handlers/exception.py", line 47, in inner
    response = get_response(request)
  File "/home/ogaba/Desktop/assignment/school/env/lib/python3.10/site-packages/django/core/handlers/base.py", line 204, in _get_response
    response = response.render()
  File "/home/ogaba/Desktop/assignment/school/env/lib/python3.10/site-packages/django/template/response.py", line 105, in render
    self.content = self.rendered_content
  File "/home/ogaba/Desktop/assignment/school/env/lib/python3.10/site-packages/django/template/response.py", line 83, in rendered_content
    return template.render(context, self._request)
  File "/home/ogaba/Desktop/assignment/school/env/lib/python3.10/site-packages/django/template/backends/django.py", line 61, in render
    return self.template.render(context)
  File "/home/ogaba/Desktop/assignment/school/env/lib/python3.10/site-packages/django/template/base.py", line 168, in render
    with context.bind_template(self):
  File "/usr/lib/python3.10/contextlib.py", line 135, in __enter__
    return next(self.gen)
  File "/home/ogaba/Desktop/assignment/school/env/lib/python3.10/site-packages/django/template/context.py", line 244, in bind_template
    updates.update(processor(self.request))
  File "/home/ogaba/Desktop/assignment/school/apps/management/context_processors.py", line 6, in site_defaults
    current_term = AcademicTerm.objects.get(current=True)
  File "/home/ogaba/Desktop/assignment/school/env/lib/python3.10/site-packages/django/db/models/manager.py", line 85, in manager_method
    return getattr(self.get_queryset(), name)(*args, **kwargs)
  File "/home/ogaba/Desktop/assignment/school/env/lib/python3.10/site-packages/django/db/models/query.py", line 439, in get
    raise self.model.MultipleObjectsReturned(
apps.management.models.AcademicTerm.MultipleObjectsReturned: get() returned more than one AcademicTerm -- it returned 2!
ERROR 2023-04-05 07:47:35,837 "GET /staff/15/ HTTP/1.1" 500 103108
INFO 2023-04-05 07:48:09,218 /home/ogaba/Desktop/assignment/school/apps/management/context_processors.py changed, reloading.
INFO 2023-04-05 07:48:09,544 Watching for file changes with StatReloader
INFO 2023-04-05 07:48:14,515 "GET /staff/15/ HTTP/1.1" 200 12090
INFO 2023-04-05 07:48:16,049 "GET /staff/15/ HTTP/1.1" 200 12090
INFO 2023-04-05 07:48:21,903 "GET /students/list HTTP/1.1" 200 25736
INFO 2023-04-05 07:48:26,184 "GET /students/20/ HTTP/1.1" 200 12703
INFO 2023-04-05 07:48:42,025 "GET /finance/list/ HTTP/1.1" 200 11712
INFO 2023-04-05 07:48:46,728 "GET /results/create/ HTTP/1.1" 200 18523
INFO 2023-04-05 07:50:48,788 "POST /results/create/ HTTP/1.1" 200 18669
INFO 2023-04-05 07:50:54,953 "POST /results/create/ HTTP/1.1" 200 12450
INFO 2023-04-05 07:51:35,580 "POST /results/create/ HTTP/1.1" 200 12450
INFO 2023-04-05 07:51:50,550 "POST /results/create/ HTTP/1.1" 302 0
INFO 2023-04-05 07:51:50,633 "GET /results/edit-results/ HTTP/1.1" 200 14953
INFO 2023-04-05 07:51:55,248 "POST /results/edit-results/ HTTP/1.1" 302 0
INFO 2023-04-05 07:51:55,329 "GET /results/edit-results/ HTTP/1.1" 200 15096
INFO 2023-04-05 07:52:06,343 "GET /results/create/ HTTP/1.1" 200 18523
INFO 2023-04-05 07:52:16,481 "GET /students/list HTTP/1.1" 200 25736
INFO 2023-04-05 07:52:22,325 "GET /students/9/ HTTP/1.1" 200 12745
INFO 2023-04-05 07:52:27,876 "GET /students/9/update/ HTTP/1.1" 200 15476
INFO 2023-04-05 07:53:15,379 "POST /students/9/update/ HTTP/1.1" 200 15760
INFO 2023-04-05 07:53:43,522 "POST /students/9/update/ HTTP/1.1" 200 15626
INFO 2023-04-05 07:53:50,951 "POST /students/9/update/ HTTP/1.1" 302 0
INFO 2023-04-05 07:53:50,998 "GET /students/9/ HTTP/1.1" 200 12920
INFO 2023-04-05 07:54:08,546 "GET /students/9/update/ HTTP/1.1" 200 15531
INFO 2023-04-05 07:54:31,510 "POST /students/9/update/ HTTP/1.1" 302 0
INFO 2023-04-05 07:54:31,536 "GET /students/9/ HTTP/1.1" 200 12874
INFO 2023-04-05 07:55:16,226 "GET /results/create/ HTTP/1.1" 200 18503
INFO 2023-04-05 07:55:21,106 "POST /results/create/ HTTP/1.1" 200 12450
INFO 2023-04-05 07:55:26,899 "POST /results/create/ HTTP/1.1" 302 0
INFO 2023-04-05 07:55:26,974 "GET /results/edit-results/ HTTP/1.1" 200 16271
INFO 2023-04-05 07:55:55,782 "POST /results/edit-results/ HTTP/1.1" 302 0
INFO 2023-04-05 07:55:55,874 "GET /results/edit-results/ HTTP/1.1" 200 16420
INFO 2023-04-05 07:56:00,608 "GET /results/view/all HTTP/1.1" 200 13108
INFO 2023-04-05 07:57:06,515 "GET /site-config HTTP/1.1" 200 11778
INFO 2023-04-05 07:57:09,655 "POST /site-config HTTP/1.1" 200 11796
INFO 2023-04-05 07:57:22,962 "POST /site-config HTTP/1.1" 200 11794
INFO 2023-04-05 07:57:24,620 "POST /site-config HTTP/1.1" 200 11794
INFO 2023-04-05 07:57:25,378 "POST /site-config HTTP/1.1" 200 11794
INFO 2023-04-05 07:57:26,278 "POST /site-config HTTP/1.1" 200 11794
INFO 2023-04-05 08:04:10,594 /home/ogaba/Desktop/assignment/school/apps/management/forms.py changed, reloading.
INFO 2023-04-05 08:04:10,970 Watching for file changes with StatReloader
INFO 2023-04-05 08:04:12,069 /home/ogaba/Desktop/assignment/school/apps/management/forms.py changed, reloading.
INFO 2023-04-05 08:04:12,374 Watching for file changes with StatReloader
INFO 2023-04-05 08:04:14,488 /home/ogaba/Desktop/assignment/school/apps/management/forms.py changed, reloading.
INFO 2023-04-05 08:04:14,792 Watching for file changes with StatReloader
INFO 2023-04-05 08:04:16,921 /home/ogaba/Desktop/assignment/school/apps/management/forms.py changed, reloading.
INFO 2023-04-05 08:04:17,390 Watching for file changes with StatReloader
INFO 2023-04-05 08:04:39,948 /home/ogaba/Desktop/assignment/school/apps/management/forms.py changed, reloading.
INFO 2023-04-05 08:04:40,328 Watching for file changes with StatReloader
INFO 2023-04-05 08:08:17,308 "GET /students/list HTTP/1.1" 200 25737
INFO 2023-04-05 08:23:52,053 "GET /auth/logout/ HTTP/1.1" 200 1365
INFO 2023-04-05 08:23:52,085 "GET /static/admin/css/base.css HTTP/1.1" 200 19513
INFO 2023-04-05 08:23:52,085 "GET /static/admin/css/responsive.css HTTP/1.1" 200 18545
INFO 2023-04-05 08:23:52,137 "GET /static/admin/css/fonts.css HTTP/1.1" 200 423
INFO 2023-04-05 08:23:52,240 "GET /static/admin/fonts/Roboto-Regular-webfont.woff HTTP/1.1" 200 85876
INFO 2023-04-05 08:23:52,240 "GET /static/admin/fonts/Roboto-Light-webfont.woff HTTP/1.1" 200 85692
INFO 2023-04-05 08:23:56,956 "GET /admin/ HTTP/1.1" 302 0
INFO 2023-04-05 08:23:57,009 "GET /admin/login/?next=/admin/ HTTP/1.1" 200 2214
INFO 2023-04-05 08:23:57,079 "GET /static/admin/css/nav_sidebar.css HTTP/1.1" 200 2271
INFO 2023-04-05 08:23:57,079 "GET /static/admin/js/nav_sidebar.js HTTP/1.1" 200 1360
INFO 2023-04-05 08:23:57,080 "GET /static/admin/css/login.css HTTP/1.1" 200 939
INFO 2023-04-05 08:24:14,637 "POST /admin/login/?next=/admin/ HTTP/1.1" 302 0
INFO 2023-04-05 08:24:14,662 "GET /admin/ HTTP/1.1" 200 3329
INFO 2023-04-05 08:24:14,751 "GET /static/admin/css/dashboard.css HTTP/1.1" 200 380
INFO 2023-04-05 08:24:14,773 "GET /static/admin/img/icon-addlink.svg HTTP/1.1" 200 331
INFO 2023-04-05 08:24:14,773 "GET /static/admin/img/icon-changelink.svg HTTP/1.1" 200 380
INFO 2023-04-05 08:24:14,774 "GET /static/admin/fonts/Roboto-Bold-webfont.woff HTTP/1.1" 200 86184
INFO 2023-04-05 08:24:22,624 "GET / HTTP/1.1" 200 13657
INFO 2023-04-05 08:24:48,200 "GET /students/list HTTP/1.1" 200 25737
ERROR 2023-04-05 08:24:52,509 Internal Server Error: /students/upload/
Traceback (most recent call last):
  File "/home/ogaba/Desktop/assignment/school/env/lib/python3.10/site-packages/django/core/handlers/exception.py", line 47, in inner
    response = get_response(request)
  File "/home/ogaba/Desktop/assignment/school/env/lib/python3.10/site-packages/django/core/handlers/base.py", line 204, in _get_response
    response = response.render()
  File "/home/ogaba/Desktop/assignment/school/env/lib/python3.10/site-packages/django/template/response.py", line 105, in render
    self.content = self.rendered_content
  File "/home/ogaba/Desktop/assignment/school/env/lib/python3.10/site-packages/django/template/response.py", line 81, in rendered_content
    template = self.resolve_template(self.template_name)
  File "/home/ogaba/Desktop/assignment/school/env/lib/python3.10/site-packages/django/template/response.py", line 63, in resolve_template
    return select_template(template, using=self.using)
  File "/home/ogaba/Desktop/assignment/school/env/lib/python3.10/site-packages/django/template/loader.py", line 42, in select_template
    return engine.get_template(template_name)
  File "/home/ogaba/Desktop/assignment/school/env/lib/python3.10/site-packages/django/template/backends/django.py", line 34, in get_template
    return Template(self.engine.get_template(template_name), self)
  File "/home/ogaba/Desktop/assignment/school/env/lib/python3.10/site-packages/django/template/engine.py", line 143, in get_template
    template, origin = self.find_template(template_name)
  File "/home/ogaba/Desktop/assignment/school/env/lib/python3.10/site-packages/django/template/engine.py", line 125, in find_template
    template = loader.get_template(name, skip=skip)
  File "/home/ogaba/Desktop/assignment/school/env/lib/python3.10/site-packages/django/template/loaders/base.py", line 29, in get_template
    return Template(
  File "/home/ogaba/Desktop/assignment/school/env/lib/python3.10/site-packages/django/template/base.py", line 155, in __init__
    self.nodelist = self.compile_nodelist()
  File "/home/ogaba/Desktop/assignment/school/env/lib/python3.10/site-packages/django/template/base.py", line 193, in compile_nodelist
    return parser.parse()
  File "/home/ogaba/Desktop/assignment/school/env/lib/python3.10/site-packages/django/template/base.py", line 478, in parse
    raise self.error(token, e)
  File "/home/ogaba/Desktop/assignment/school/env/lib/python3.10/site-packages/django/template/base.py", line 476, in parse
    compiled_result = compile_func(self, token)
  File "/home/ogaba/Desktop/assignment/school/env/lib/python3.10/site-packages/django/template/loader_tags.py", line 278, in do_extends
    nodelist = parser.parse()
  File "/home/ogaba/Desktop/assignment/school/env/lib/python3.10/site-packages/django/template/base.py", line 478, in parse
    raise self.error(token, e)
  File "/home/ogaba/Desktop/assignment/school/env/lib/python3.10/site-packages/django/template/base.py", line 476, in parse
    compiled_result = compile_func(self, token)
  File "/home/ogaba/Desktop/assignment/school/env/lib/python3.10/site-packages/django/template/loader_tags.py", line 216, in do_block
    nodelist = parser.parse(('endblock',))
  File "/home/ogaba/Desktop/assignment/school/env/lib/python3.10/site-packages/django/template/base.py", line 483, in parse
    self.unclosed_block_tag(parse_until)
  File "/home/ogaba/Desktop/assignment/school/env/lib/python3.10/site-packages/django/template/base.py", line 544, in unclosed_block_tag
    raise self.error(token, msg)
django.template.exceptions.TemplateSyntaxError: Unclosed tag on line 1: 'block'. Looking for one of: endblock.
ERROR 2023-04-05 08:24:52,510 "GET /students/upload/ HTTP/1.1" 500 151773
INFO 2023-04-05 08:25:32,046 "GET /students/upload/ HTTP/1.1" 200 10915
INFO 2023-04-05 08:25:44,823 "GET /students/download-csv/ HTTP/1.1" 200 109
INFO 2023-04-05 08:26:06,987 "GET /students/9/ HTTP/1.1" 200 12731
INFO 2023-04-05 08:26:59,738 "GET /students/9/ HTTP/1.1" 200 12745
INFO 2023-04-05 08:27:27,953 "GET /students/9/ HTTP/1.1" 200 12659
INFO 2023-04-05 08:27:29,488 "GET /students/9/ HTTP/1.1" 200 12659
INFO 2023-04-05 08:27:30,239 "GET /students/9/ HTTP/1.1" 200 12659
INFO 2023-04-05 08:27:30,975 "GET /students/9/ HTTP/1.1" 200 12659
INFO 2023-04-05 08:27:42,081 "GET /finance/list/ HTTP/1.1" 200 11712
INFO 2023-04-05 08:27:45,745 "GET /finance/create/ HTTP/1.1" 200 17119
INFO 2023-04-05 08:28:07,973 "POST /finance/create/ HTTP/1.1" 302 0
INFO 2023-04-05 08:28:07,986 "GET /finance/list HTTP/1.1" 301 0
INFO 2023-04-05 08:28:08,081 "GET /finance/list/ HTTP/1.1" 200 12147
INFO 2023-04-05 08:28:10,740 "GET /finance/receipt/create?invoice=3 HTTP/1.1" 200 11775
INFO 2023-04-05 08:28:27,355 "POST /finance/receipt/create?invoice=3 HTTP/1.1" 302 0
INFO 2023-04-05 08:28:27,394 "GET /finance/list/ HTTP/1.1" 200 12152
INFO 2023-04-05 08:28:29,718 "GET /finance/3/detail/ HTTP/1.1" 200 12007
INFO 2023-04-05 08:29:01,029 "GET /students/list HTTP/1.1" 200 25737
INFO 2023-04-05 08:29:03,674 "GET /students/10/ HTTP/1.1" 200 12714
INFO 2023-04-05 08:29:09,819 "GET /students/list HTTP/1.1" 200 25737
INFO 2023-04-05 08:29:12,025 "GET /students/9/ HTTP/1.1" 200 13150
